<?xml version="1.0" encoding="UTF-8"?>
<testsuite name="users.ManagementTest" tests="1" skipped="0" failures="0" errors="0" timestamp="2023-12-27T00:25:52" hostname="DESKTOP-927O95J" time="2.929">
  <properties/>
  <testcase name="testParallel()" classname="users.ManagementTest" time="2.929"/>
  <system-out><![CDATA[19:25:53.101 [Test worker] DEBUG com.intuit.karate.Suite - [config] classpath:karate-config.js
19:25:53.104 [Test worker] INFO  com.intuit.karate.Suite - backed up existing 'build\karate-reports' dir to: build\karate-reports_1703636753103
19:25:53.155 [pool-1-thread-2] DEBUG com.intuit.karate - request:
1 > GET http://api.geonames.org/timezoneJSON?lng=-8&formatted=true&lat=8&username=karate
1 > Host: api.geonames.org
1 > Connection: Keep-Alive
1 > User-Agent: Apache-HttpClient/4.5.13 (Java/18.0.2.1)
1 > Accept-Encoding: gzip,deflate


19:25:53.157 [pool-1-thread-1] DEBUG com.intuit.karate - request:
1 > GET http://api.geonames.org/timezoneJSON?lng=-72&formatted=true&lat=4&username=karate
1 > Host: api.geonames.org
1 > Connection: Keep-Alive
1 > User-Agent: Apache-HttpClient/4.5.13 (Java/18.0.2.1)
1 > Accept-Encoding: gzip,deflate


19:25:53.159 [pool-1-thread-4] DEBUG com.intuit.karate - request:
1 > GET http://api.geonames.org/timezoneJSON?lng=-72&formatted=true&lat=0&username=karate
1 > Host: api.geonames.org
1 > Connection: Keep-Alive
1 > User-Agent: Apache-HttpClient/4.5.13 (Java/18.0.2.1)
1 > Accept-Encoding: gzip,deflate


19:25:53.162 [pool-1-thread-3] DEBUG com.intuit.karate - request:
1 > GET http://api.geonames.org/timezoneJSON?lng=-72.5&formatted=true&lat=4.2&username=karate
1 > Host: api.geonames.org
1 > Connection: Keep-Alive
1 > User-Agent: Apache-HttpClient/4.5.13 (Java/18.0.2.1)
1 > Accept-Encoding: gzip,deflate


19:25:53.548 [pool-1-thread-1] DEBUG com.intuit.karate - response time in milliseconds: 391
1 < 200
1 < Date: Wed, 27 Dec 2023 00:25:58 GMT
1 < Server: Apache/2.4.6 (CentOS) mod_jk/1.2.46 OpenSSL/1.0.2k-fips
1 < Access-Control-Allow-Origin: *
1 < X-Frame-Options: sameorigin
1 < Cache-Control: no-cache
1 < Keep-Alive: timeout=5, max=100
1 < Connection: Keep-Alive
1 < Transfer-Encoding: chunked
1 < Content-Type: application/json;charset=UTF-8
{
  "sunrise": "2023-12-27 05:52",
  "lng": -72,
  "countryCode": "CO",
  "gmtOffset": -5,
  "rawOffset": -5,
  "sunset": "2023-12-27 17:45",
  "timezoneId": "America/Bogota",
  "dstOffset": -5,
  "countryName": "Colombia",
  "time": "2023-12-26 19:25",
  "lat": 4
}

19:25:53.555 [pool-1-thread-1] DEBUG com.intuit.karate - request:
1 > GET http://api.geonames.org/timezoneJSON?lng=-8f&formatted=true&lat=8&username=karate
1 > Host: api.geonames.org
1 > Connection: Keep-Alive
1 > User-Agent: Apache-HttpClient/4.5.13 (Java/18.0.2.1)
1 > Accept-Encoding: gzip,deflate


19:25:53.558 [pool-1-thread-2] DEBUG com.intuit.karate - response time in milliseconds: 402
1 < 200
1 < Date: Wed, 27 Dec 2023 00:25:58 GMT
1 < Server: Apache/2.4.6 (CentOS) mod_jk/1.2.46 OpenSSL/1.0.2k-fips
1 < Access-Control-Allow-Origin: *
1 < X-Frame-Options: sameorigin
1 < Cache-Control: no-cache
1 < Keep-Alive: timeout=5, max=100
1 < Connection: Keep-Alive
1 < Transfer-Encoding: chunked
1 < Content-Type: application/json;charset=UTF-8
{
  "sunrise": "2023-12-27 06:43",
  "lng": -8,
  "countryCode": "CI",
  "gmtOffset": 0,
  "rawOffset": 0,
  "sunset": "2023-12-27 18:22",
  "timezoneId": "Africa/Abidjan",
  "dstOffset": 0,
  "countryName": "Ivory Coast",
  "time": "2023-12-27 00:25",
  "lat": 8
}

19:25:53.561 [pool-1-thread-3] DEBUG com.intuit.karate - response time in milliseconds: 399
1 < 200
1 < Date: Wed, 27 Dec 2023 00:25:58 GMT
1 < Server: Apache/2.4.6 (CentOS) mod_jk/1.2.46 OpenSSL/1.0.2k-fips
1 < Access-Control-Allow-Origin: *
1 < X-Frame-Options: sameorigin
1 < Cache-Control: no-cache
1 < Keep-Alive: timeout=5, max=100
1 < Connection: Keep-Alive
1 < Transfer-Encoding: chunked
1 < Content-Type: application/json;charset=UTF-8
{
  "sunrise": "2023-12-27 05:54",
  "lng": -72.5,
  "countryCode": "CO",
  "gmtOffset": -5,
  "rawOffset": -5,
  "sunset": "2023-12-27 17:47",
  "timezoneId": "America/Bogota",
  "dstOffset": -5,
  "countryName": "Colombia",
  "time": "2023-12-26 19:25",
  "lat": 4.2
}

19:25:53.564 [pool-1-thread-4] DEBUG com.intuit.karate - response time in milliseconds: 404
1 < 200
1 < Date: Wed, 27 Dec 2023 00:25:58 GMT
1 < Server: Apache/2.4.6 (CentOS) mod_jk/1.2.46 OpenSSL/1.0.2k-fips
1 < Access-Control-Allow-Origin: *
1 < X-Frame-Options: sameorigin
1 < Cache-Control: no-cache
1 < Keep-Alive: timeout=5, max=100
1 < Connection: Keep-Alive
1 < Transfer-Encoding: chunked
1 < Content-Type: application/json;charset=UTF-8
{
  "sunrise": "2023-12-27 05:45",
  "lng": -72,
  "countryCode": "CO",
  "gmtOffset": -5,
  "rawOffset": -5,
  "sunset": "2023-12-27 17:52",
  "timezoneId": "America/Bogota",
  "dstOffset": -5,
  "countryName": "Colombia",
  "time": "2023-12-26 19:25",
  "lat": 0
}

19:25:53.567 [pool-1-thread-2] DEBUG com.intuit.karate - request:
1 > GET http://api.geonames.org/timezoneJSON?lng=80&formatted=true&lat=-75&username=karate
1 > Host: api.geonames.org
1 > Connection: Keep-Alive
1 > User-Agent: Apache-HttpClient/4.5.13 (Java/18.0.2.1)
1 > Accept-Encoding: gzip,deflate


19:25:53.572 [pool-1-thread-3] DEBUG com.intuit.karate - request:
1 > GET http://api.geonames.org/timezoneJSON?lng=-74&formatted=true&lat=4&username=karate
1 > Host: api.geonames.org
1 > Connection: Keep-Alive
1 > User-Agent: Apache-HttpClient/4.5.13 (Java/18.0.2.1)
1 > Accept-Encoding: gzip,deflate


19:25:53.575 [pool-1-thread-4] DEBUG com.intuit.karate - request:
1 > GET http://api.geonames.org/timezoneJSON?lng=-72&formatted=true&lat=%C3%B1&username=karate
1 > Host: api.geonames.org
1 > Connection: Keep-Alive
1 > User-Agent: Apache-HttpClient/4.5.13 (Java/18.0.2.1)
1 > Accept-Encoding: gzip,deflate


19:25:53.957 [pool-1-thread-4] DEBUG com.intuit.karate - response time in milliseconds: 382
1 < 200
1 < Date: Wed, 27 Dec 2023 00:25:58 GMT
1 < Server: Apache/2.4.6 (CentOS) mod_jk/1.2.46 OpenSSL/1.0.2k-fips
1 < Access-Control-Allow-Origin: *
1 < X-Frame-Options: sameorigin
1 < Cache-Control: no-cache
1 < Content-Length: 69
1 < Keep-Alive: timeout=5, max=100
1 < Connection: Keep-Alive
1 < Content-Type: application/json;charset=UTF-8
{"status": {
  "message": "error parsing parameter",
  "value": 14
}}

19:25:53.962 [pool-1-thread-4] DEBUG com.intuit.karate - request:
1 > GET http://api.geonames.org/timezoneJSON?lng=a&formatted=true&lat=8&username=karate
1 > Host: api.geonames.org
1 > Connection: Keep-Alive
1 > User-Agent: Apache-HttpClient/4.5.13 (Java/18.0.2.1)
1 > Accept-Encoding: gzip,deflate


19:25:53.965 [pool-1-thread-3] DEBUG com.intuit.karate - response time in milliseconds: 393
1 < 200
1 < Date: Wed, 27 Dec 2023 00:25:58 GMT
1 < Server: Apache/2.4.6 (CentOS) mod_jk/1.2.46 OpenSSL/1.0.2k-fips
1 < Access-Control-Allow-Origin: *
1 < X-Frame-Options: sameorigin
1 < Cache-Control: no-cache
1 < Keep-Alive: timeout=5, max=100
1 < Connection: Keep-Alive
1 < Transfer-Encoding: chunked
1 < Content-Type: application/json;charset=UTF-8
{
  "sunrise": "2023-12-27 06:00",
  "lng": -74,
  "countryCode": "CO",
  "gmtOffset": -5,
  "rawOffset": -5,
  "sunset": "2023-12-27 17:53",
  "timezoneId": "America/Bogota",
  "dstOffset": -5,
  "countryName": "Colombia",
  "time": "2023-12-26 19:25",
  "lat": 4
}

19:25:53.968 [pool-1-thread-1] DEBUG com.intuit.karate - response time in milliseconds: 413
1 < 200
1 < Date: Wed, 27 Dec 2023 00:25:58 GMT
1 < Server: Apache/2.4.6 (CentOS) mod_jk/1.2.46 OpenSSL/1.0.2k-fips
1 < Access-Control-Allow-Origin: *
1 < X-Frame-Options: sameorigin
1 < Cache-Control: no-cache
1 < Keep-Alive: timeout=5, max=100
1 < Connection: Keep-Alive
1 < Transfer-Encoding: chunked
1 < Content-Type: application/json;charset=UTF-8
{
  "sunrise": "2023-12-27 06:43",
  "lng": -8,
  "countryCode": "CI",
  "gmtOffset": 0,
  "rawOffset": 0,
  "sunset": "2023-12-27 18:22",
  "timezoneId": "Africa/Abidjan",
  "dstOffset": 0,
  "countryName": "Ivory Coast",
  "time": "2023-12-27 00:25",
  "lat": 8
}

19:25:53.972 [pool-1-thread-3] DEBUG com.intuit.karate - request:
1 > GET http://api.geonames.org/timezoneJSON?lng=-5&formatted=true&lat=.&username=karate
1 > Host: api.geonames.org
1 > Connection: Keep-Alive
1 > User-Agent: Apache-HttpClient/4.5.13 (Java/18.0.2.1)
1 > Accept-Encoding: gzip,deflate


19:25:53.972 [pool-1-thread-2] DEBUG com.intuit.karate - response time in milliseconds: 405
1 < 200
1 < Date: Wed, 27 Dec 2023 00:25:58 GMT
1 < Server: Apache/2.4.6 (CentOS) mod_jk/1.2.46 OpenSSL/1.0.2k-fips
1 < Access-Control-Allow-Origin: *
1 < X-Frame-Options: sameorigin
1 < Cache-Control: no-cache
1 < Keep-Alive: timeout=5, max=100
1 < Connection: Keep-Alive
1 < Transfer-Encoding: chunked
1 < Content-Type: application/json;charset=UTF-8
{
  "lng": 80,
  "countryCode": "AQ",
  "gmtOffset": 7,
  "rawOffset": 7,
  "timezoneId": "Antarctica/Davis",
  "dstOffset": 7,
  "countryName": "Antarctica",
  "time": "2023-12-27 07:25",
  "lat": -75
}

19:25:53.977 [pool-1-thread-1] DEBUG com.intuit.karate - request:
1 > GET http://api.geonames.org/timezoneJSON?lng=aas&formatted=true&lat=%25%26%24&username=karate
1 > Host: api.geonames.org
1 > Connection: Keep-Alive
1 > User-Agent: Apache-HttpClient/4.5.13 (Java/18.0.2.1)
1 > Accept-Encoding: gzip,deflate


19:25:53.979 [pool-1-thread-2] DEBUG com.intuit.karate - request:
1 > GET http://api.geonames.org/timezoneJSON?lng=-a8f&formatted=true&lat=8&username=karate
1 > Host: api.geonames.org
1 > Connection: Keep-Alive
1 > User-Agent: Apache-HttpClient/4.5.13 (Java/18.0.2.1)
1 > Accept-Encoding: gzip,deflate


19:25:54.346 [pool-1-thread-4] DEBUG com.intuit.karate - response time in milliseconds: 384
1 < 200
1 < Date: Wed, 27 Dec 2023 00:25:59 GMT
1 < Server: Apache/2.4.6 (CentOS) mod_jk/1.2.46 OpenSSL/1.0.2k-fips
1 < Access-Control-Allow-Origin: *
1 < X-Frame-Options: sameorigin
1 < Cache-Control: no-cache
1 < Content-Length: 69
1 < Keep-Alive: timeout=5, max=100
1 < Connection: Keep-Alive
1 < Content-Type: application/json;charset=UTF-8
{"status": {
  "message": "error parsing parameter",
  "value": 14
}}

19:25:54.349 [pool-1-thread-3] DEBUG com.intuit.karate - response time in milliseconds: 377
1 < 200
1 < Date: Wed, 27 Dec 2023 00:25:59 GMT
1 < Server: Apache/2.4.6 (CentOS) mod_jk/1.2.46 OpenSSL/1.0.2k-fips
1 < Access-Control-Allow-Origin: *
1 < X-Frame-Options: sameorigin
1 < Cache-Control: no-cache
1 < Content-Length: 69
1 < Keep-Alive: timeout=5, max=100
1 < Connection: Keep-Alive
1 < Content-Type: application/json;charset=UTF-8
{"status": {
  "message": "error parsing parameter",
  "value": 14
}}

19:25:54.351 [pool-1-thread-4] DEBUG com.intuit.karate - request:
1 > GET http://api.geonames.org/timezoneJSON?lng=70&formatted=true&lat=90&username=karate
1 > Host: api.geonames.org
1 > Connection: Keep-Alive
1 > User-Agent: Apache-HttpClient/4.5.13 (Java/18.0.2.1)
1 > Accept-Encoding: gzip,deflate


19:25:54.354 [pool-1-thread-1] DEBUG com.intuit.karate - response time in milliseconds: 377
1 < 200
1 < Date: Wed, 27 Dec 2023 00:25:59 GMT
1 < Server: Apache/2.4.6 (CentOS) mod_jk/1.2.46 OpenSSL/1.0.2k-fips
1 < Access-Control-Allow-Origin: *
1 < X-Frame-Options: sameorigin
1 < Cache-Control: no-cache
1 < Content-Length: 69
1 < Keep-Alive: timeout=5, max=100
1 < Connection: Keep-Alive
1 < Content-Type: application/json;charset=UTF-8
{"status": {
  "message": "error parsing parameter",
  "value": 14
}}

19:25:54.355 [pool-1-thread-3] DEBUG com.intuit.karate - request:
1 > GET http://api.geonames.org/timezoneJSON?lng=99&formatted=true&lat=90&username=karate
1 > Host: api.geonames.org
1 > Connection: Keep-Alive
1 > User-Agent: Apache-HttpClient/4.5.13 (Java/18.0.2.1)
1 > Accept-Encoding: gzip,deflate


19:25:54.356 [pool-1-thread-2] DEBUG com.intuit.karate - response time in milliseconds: 377
1 < 200
1 < Date: Wed, 27 Dec 2023 00:25:59 GMT
1 < Server: Apache/2.4.6 (CentOS) mod_jk/1.2.46 OpenSSL/1.0.2k-fips
1 < Access-Control-Allow-Origin: *
1 < X-Frame-Options: sameorigin
1 < Cache-Control: no-cache
1 < Content-Length: 69
1 < Keep-Alive: timeout=5, max=100
1 < Connection: Keep-Alive
1 < Content-Type: application/json;charset=UTF-8
{"status": {
  "message": "error parsing parameter",
  "value": 14
}}

19:25:54.362 [pool-1-thread-2] DEBUG com.intuit.karate - request:
1 > GET http://api.geonames.org/timezoneJSON?lng=801&formatted=true&lat=700&username=karate
1 > Host: api.geonames.org
1 > Connection: Keep-Alive
1 > User-Agent: Apache-HttpClient/4.5.13 (Java/18.0.2.1)
1 > Accept-Encoding: gzip,deflate


19:25:54.362 [pool-1-thread-1] DEBUG com.intuit.karate - request:
1 > GET http://api.geonames.org/timezoneJSON?lng=901&formatted=true&lat=81&username=karate
1 > Host: api.geonames.org
1 > Connection: Keep-Alive
1 > User-Agent: Apache-HttpClient/4.5.13 (Java/18.0.2.1)
1 > Accept-Encoding: gzip,deflate


19:25:54.729 [pool-1-thread-4] DEBUG com.intuit.karate - response time in milliseconds: 378
1 < 200
1 < Date: Wed, 27 Dec 2023 00:25:59 GMT
1 < Server: Apache/2.4.6 (CentOS) mod_jk/1.2.46 OpenSSL/1.0.2k-fips
1 < Access-Control-Allow-Origin: *
1 < X-Frame-Options: sameorigin
1 < Cache-Control: no-cache
1 < Content-Length: 87
1 < Keep-Alive: timeout=5, max=100
1 < Connection: Keep-Alive
1 < Content-Type: application/json;charset=UTF-8
{"status": {
  "message": "no timezone information found for lat/lng",
  "value": 15
}}

19:25:54.734 [pool-1-thread-2] DEBUG com.intuit.karate - response time in milliseconds: 372
1 < 200
1 < Date: Wed, 27 Dec 2023 00:25:59 GMT
1 < Server: Apache/2.4.6 (CentOS) mod_jk/1.2.46 OpenSSL/1.0.2k-fips
1 < Access-Control-Allow-Origin: *
1 < X-Frame-Options: sameorigin
1 < Cache-Control: no-cache
1 < Content-Length: 61
1 < Keep-Alive: timeout=5, max=100
1 < Connection: Keep-Alive
1 < Content-Type: application/json;charset=UTF-8
{"status": {
  "message": "invalid lat/lng",
  "value": 14
}}

19:25:54.738 [pool-1-thread-3] DEBUG com.intuit.karate - response time in milliseconds: 383
1 < 200
1 < Date: Wed, 27 Dec 2023 00:25:59 GMT
1 < Server: Apache/2.4.6 (CentOS) mod_jk/1.2.46 OpenSSL/1.0.2k-fips
1 < Access-Control-Allow-Origin: *
1 < X-Frame-Options: sameorigin
1 < Cache-Control: no-cache
1 < Content-Length: 87
1 < Keep-Alive: timeout=5, max=100
1 < Connection: Keep-Alive
1 < Content-Type: application/json;charset=UTF-8
{"status": {
  "message": "no timezone information found for lat/lng",
  "value": 15
}}

19:25:54.743 [pool-1-thread-1] DEBUG com.intuit.karate - response time in milliseconds: 381
1 < 200
1 < Date: Wed, 27 Dec 2023 00:25:59 GMT
1 < Server: Apache/2.4.6 (CentOS) mod_jk/1.2.46 OpenSSL/1.0.2k-fips
1 < Access-Control-Allow-Origin: *
1 < X-Frame-Options: sameorigin
1 < Cache-Control: no-cache
1 < Content-Length: 61
1 < Keep-Alive: timeout=5, max=100
1 < Connection: Keep-Alive
1 < Content-Type: application/json;charset=UTF-8
{"status": {
  "message": "invalid lat/lng",
  "value": 14
}}

---------------------------------------------------------
feature: classpath:geonames/get/geographical-data-get.feature
scenarios: 16 | passed: 16 | failed:  0 | time: 6.3148
---------------------------------------------------------

19:25:55.079 [pool-2-thread-1] INFO  com.intuit.karate.Suite - <<pass>> feature 1 of 1 (0 remaining) classpath:geonames/get/geographical-data-get.feature
Karate version: 1.3.1
======================================================
elapsed:   2.23 | threads:    4 | thread time: 6.32 
features:     1 | skipped:    0 | efficiency: 0.71
scenarios:   16 | passed:    16 | failed: 0
======================================================

HTML report: (paste into browser to view) | Karate version: 1.3.1
file:///C:/Users/Usuario/IdeaProjects/Karate/build/karate-reports/karate-summary.html
===================================================================

]]></system-out>
  <system-err><![CDATA[dic. 26, 2023 7:25:55 P. M. net.masterthought.cucumber.ReportParser parseJsonFiles
INFO: File 'C:\Users\Usuario\IdeaProjects\Karate\build\karate-reports\geonames.get.geographical-data-get.json' contains 1 feature(s)
]]></system-err>
</testsuite>
