<?xml version="1.0" encoding="UTF-8"?>
<testsuite name="geonames.get.GeographicalDataGetRunner" tests="16" skipped="0" failures="0" errors="0" timestamp="2023-12-27T00:25:42" hostname="DESKTOP-927O95J" time="9.891">
  <properties/>
  <testcase name="[1.1:21] Get geographical data of a country" classname="geonames.get.GeographicalDataGetRunner" time="1.804"/>
  <testcase name="[1.2:22] Get geographical data of a country" classname="geonames.get.GeographicalDataGetRunner" time="0.434"/>
  <testcase name="[1.3:23] Get geographical data of a country" classname="geonames.get.GeographicalDataGetRunner" time="0.412"/>
  <testcase name="[1.4:24] Get geographical data of a country" classname="geonames.get.GeographicalDataGetRunner" time="0.466"/>
  <testcase name="[1.5:25] Get geographical data of a country" classname="geonames.get.GeographicalDataGetRunner" time="0.452"/>
  <testcase name="[1.6:26] Get geographical data of a country" classname="geonames.get.GeographicalDataGetRunner" time="0.487"/>
  <testcase name="[2.1:36] Get geographical data of Colombia" classname="geonames.get.GeographicalDataGetRunner" time="0.44"/>
  <testcase name="[3.1:46] Get geographical data of a country with parameters invalid" classname="geonames.get.GeographicalDataGetRunner" time="0.385"/>
  <testcase name="[3.2:47] Get geographical data of a country with parameters invalid" classname="geonames.get.GeographicalDataGetRunner" time="0.495"/>
  <testcase name="[3.3:48] Get geographical data of a country with parameters invalid" classname="geonames.get.GeographicalDataGetRunner" time="0.603"/>
  <testcase name="[3.4:49] Get geographical data of a country with parameters invalid" classname="geonames.get.GeographicalDataGetRunner" time="0.867"/>
  <testcase name="[3.5:50] Get geographical data of a country with parameters invalid" classname="geonames.get.GeographicalDataGetRunner" time="0.396"/>
  <testcase name="[4.1:60] Get geographical data of a country that does not have information" classname="geonames.get.GeographicalDataGetRunner" time="0.396"/>
  <testcase name="[4.2:61] Get geographical data of a country that does not have information" classname="geonames.get.GeographicalDataGetRunner" time="0.39"/>
  <testcase name="[5.1:71] Get geographical data of a country with latitude and longitude invalid" classname="geonames.get.GeographicalDataGetRunner" time="0.383"/>
  <testcase name="[5.2:72] Get geographical data of a country with latitude and longitude invalid" classname="geonames.get.GeographicalDataGetRunner" time="1.452"/>
  <system-out><![CDATA[19:25:42.919 [Test worker] DEBUG com.intuit.karate.Suite - [config] classpath:karate-config.js
19:25:44.270 [Test worker] DEBUG com.intuit.karate - request:
1 > GET http://api.geonames.org/timezoneJSON?lng=-72&formatted=true&lat=4&username=karate
1 > Host: api.geonames.org
1 > Connection: Keep-Alive
1 > User-Agent: Apache-HttpClient/4.5.13 (Java/18.0.2.1)
1 > Accept-Encoding: gzip,deflate


19:25:44.733 [Test worker] DEBUG com.intuit.karate - response time in milliseconds: 461
1 < 200
1 < Date: Wed, 27 Dec 2023 00:25:49 GMT
1 < Server: Apache/2.4.6 (CentOS) mod_jk/1.2.46 OpenSSL/1.0.2k-fips
1 < Access-Control-Allow-Origin: *
1 < X-Frame-Options: sameorigin
1 < Cache-Control: no-cache
1 < Keep-Alive: timeout=5, max=100
1 < Connection: Keep-Alive
1 < Transfer-Encoding: chunked
1 < Content-Type: application/json;charset=UTF-8
{
  "sunrise": "2023-12-27 05:52",
  "lng": -72,
  "countryCode": "CO",
  "gmtOffset": -5,
  "rawOffset": -5,
  "sunset": "2023-12-27 17:45",
  "timezoneId": "America/Bogota",
  "dstOffset": -5,
  "countryName": "Colombia",
  "time": "2023-12-26 19:25",
  "lat": 4
}

19:25:44.774 [Test worker] DEBUG com.intuit.karate - request:
1 > GET http://api.geonames.org/timezoneJSON?lng=-8&formatted=true&lat=8&username=karate
1 > Host: api.geonames.org
1 > Connection: Keep-Alive
1 > User-Agent: Apache-HttpClient/4.5.13 (Java/18.0.2.1)
1 > Accept-Encoding: gzip,deflate


19:25:45.188 [Test worker] DEBUG com.intuit.karate - response time in milliseconds: 413
1 < 200
1 < Date: Wed, 27 Dec 2023 00:25:49 GMT
1 < Server: Apache/2.4.6 (CentOS) mod_jk/1.2.46 OpenSSL/1.0.2k-fips
1 < Access-Control-Allow-Origin: *
1 < X-Frame-Options: sameorigin
1 < Cache-Control: no-cache
1 < Keep-Alive: timeout=5, max=100
1 < Connection: Keep-Alive
1 < Transfer-Encoding: chunked
1 < Content-Type: application/json;charset=UTF-8
{
  "sunrise": "2023-12-27 06:43",
  "lng": -8,
  "countryCode": "CI",
  "gmtOffset": 0,
  "rawOffset": 0,
  "sunset": "2023-12-27 18:22",
  "timezoneId": "Africa/Abidjan",
  "dstOffset": 0,
  "countryName": "Ivory Coast",
  "time": "2023-12-27 00:25",
  "lat": 8
}

19:25:45.204 [Test worker] DEBUG com.intuit.karate - request:
1 > GET http://api.geonames.org/timezoneJSON?lng=-72.5&formatted=true&lat=4.2&username=karate
1 > Host: api.geonames.org
1 > Connection: Keep-Alive
1 > User-Agent: Apache-HttpClient/4.5.13 (Java/18.0.2.1)
1 > Accept-Encoding: gzip,deflate


19:25:45.599 [Test worker] DEBUG com.intuit.karate - response time in milliseconds: 393
1 < 200
1 < Date: Wed, 27 Dec 2023 00:25:50 GMT
1 < Server: Apache/2.4.6 (CentOS) mod_jk/1.2.46 OpenSSL/1.0.2k-fips
1 < Access-Control-Allow-Origin: *
1 < X-Frame-Options: sameorigin
1 < Cache-Control: no-cache
1 < Keep-Alive: timeout=5, max=100
1 < Connection: Keep-Alive
1 < Transfer-Encoding: chunked
1 < Content-Type: application/json;charset=UTF-8
{
  "sunrise": "2023-12-27 05:54",
  "lng": -72.5,
  "countryCode": "CO",
  "gmtOffset": -5,
  "rawOffset": -5,
  "sunset": "2023-12-27 17:47",
  "timezoneId": "America/Bogota",
  "dstOffset": -5,
  "countryName": "Colombia",
  "time": "2023-12-26 19:25",
  "lat": 4.2
}

19:25:45.623 [Test worker] DEBUG com.intuit.karate - request:
1 > GET http://api.geonames.org/timezoneJSON?lng=-72&formatted=true&lat=0&username=karate
1 > Host: api.geonames.org
1 > Connection: Keep-Alive
1 > User-Agent: Apache-HttpClient/4.5.13 (Java/18.0.2.1)
1 > Accept-Encoding: gzip,deflate


19:25:46.069 [Test worker] DEBUG com.intuit.karate - response time in milliseconds: 446
1 < 200
1 < Date: Wed, 27 Dec 2023 00:25:50 GMT
1 < Server: Apache/2.4.6 (CentOS) mod_jk/1.2.46 OpenSSL/1.0.2k-fips
1 < Access-Control-Allow-Origin: *
1 < X-Frame-Options: sameorigin
1 < Cache-Control: no-cache
1 < Keep-Alive: timeout=5, max=100
1 < Connection: Keep-Alive
1 < Transfer-Encoding: chunked
1 < Content-Type: application/json;charset=UTF-8
{
  "sunrise": "2023-12-27 05:45",
  "lng": -72,
  "countryCode": "CO",
  "gmtOffset": -5,
  "rawOffset": -5,
  "sunset": "2023-12-27 17:52",
  "timezoneId": "America/Bogota",
  "dstOffset": -5,
  "countryName": "Colombia",
  "time": "2023-12-26 19:25",
  "lat": 0
}

19:25:46.085 [Test worker] DEBUG com.intuit.karate - request:
1 > GET http://api.geonames.org/timezoneJSON?lng=-8f&formatted=true&lat=8&username=karate
1 > Host: api.geonames.org
1 > Connection: Keep-Alive
1 > User-Agent: Apache-HttpClient/4.5.13 (Java/18.0.2.1)
1 > Accept-Encoding: gzip,deflate


19:25:46.521 [Test worker] DEBUG com.intuit.karate - response time in milliseconds: 436
1 < 200
1 < Date: Wed, 27 Dec 2023 00:25:51 GMT
1 < Server: Apache/2.4.6 (CentOS) mod_jk/1.2.46 OpenSSL/1.0.2k-fips
1 < Access-Control-Allow-Origin: *
1 < X-Frame-Options: sameorigin
1 < Cache-Control: no-cache
1 < Keep-Alive: timeout=5, max=100
1 < Connection: Keep-Alive
1 < Transfer-Encoding: chunked
1 < Content-Type: application/json;charset=UTF-8
{
  "sunrise": "2023-12-27 06:43",
  "lng": -8,
  "countryCode": "CI",
  "gmtOffset": 0,
  "rawOffset": 0,
  "sunset": "2023-12-27 18:22",
  "timezoneId": "Africa/Abidjan",
  "dstOffset": 0,
  "countryName": "Ivory Coast",
  "time": "2023-12-27 00:25",
  "lat": 8
}

19:25:46.545 [Test worker] DEBUG com.intuit.karate - request:
1 > GET http://api.geonames.org/timezoneJSON?lng=80&formatted=true&lat=-75&username=karate
1 > Host: api.geonames.org
1 > Connection: Keep-Alive
1 > User-Agent: Apache-HttpClient/4.5.13 (Java/18.0.2.1)
1 > Accept-Encoding: gzip,deflate


19:25:47.013 [Test worker] DEBUG com.intuit.karate - response time in milliseconds: 468
1 < 200
1 < Date: Wed, 27 Dec 2023 00:25:51 GMT
1 < Server: Apache/2.4.6 (CentOS) mod_jk/1.2.46 OpenSSL/1.0.2k-fips
1 < Access-Control-Allow-Origin: *
1 < X-Frame-Options: sameorigin
1 < Cache-Control: no-cache
1 < Keep-Alive: timeout=5, max=100
1 < Connection: Keep-Alive
1 < Transfer-Encoding: chunked
1 < Content-Type: application/json;charset=UTF-8
{
  "lng": 80,
  "countryCode": "AQ",
  "gmtOffset": 7,
  "rawOffset": 7,
  "timezoneId": "Antarctica/Davis",
  "dstOffset": 7,
  "countryName": "Antarctica",
  "time": "2023-12-27 07:25",
  "lat": -75
}

19:25:47.025 [Test worker] DEBUG com.intuit.karate - request:
1 > GET http://api.geonames.org/timezoneJSON?lng=-74&formatted=true&lat=4&username=karate
1 > Host: api.geonames.org
1 > Connection: Keep-Alive
1 > User-Agent: Apache-HttpClient/4.5.13 (Java/18.0.2.1)
1 > Accept-Encoding: gzip,deflate


19:25:47.451 [Test worker] DEBUG com.intuit.karate - response time in milliseconds: 424
1 < 200
1 < Date: Wed, 27 Dec 2023 00:25:52 GMT
1 < Server: Apache/2.4.6 (CentOS) mod_jk/1.2.46 OpenSSL/1.0.2k-fips
1 < Access-Control-Allow-Origin: *
1 < X-Frame-Options: sameorigin
1 < Cache-Control: no-cache
1 < Keep-Alive: timeout=5, max=100
1 < Connection: Keep-Alive
1 < Transfer-Encoding: chunked
1 < Content-Type: application/json;charset=UTF-8
{
  "sunrise": "2023-12-27 06:00",
  "lng": -74,
  "countryCode": "CO",
  "gmtOffset": -5,
  "rawOffset": -5,
  "sunset": "2023-12-27 17:53",
  "timezoneId": "America/Bogota",
  "dstOffset": -5,
  "countryName": "Colombia",
  "time": "2023-12-26 19:25",
  "lat": 4
}

19:25:47.465 [Test worker] DEBUG com.intuit.karate - request:
1 > GET http://api.geonames.org/timezoneJSON?lng=-72&formatted=true&lat=%C3%B1&username=karate
1 > Host: api.geonames.org
1 > Connection: Keep-Alive
1 > User-Agent: Apache-HttpClient/4.5.13 (Java/18.0.2.1)
1 > Accept-Encoding: gzip,deflate


19:25:47.841 [Test worker] DEBUG com.intuit.karate - response time in milliseconds: 376
1 < 200
1 < Date: Wed, 27 Dec 2023 00:25:52 GMT
1 < Server: Apache/2.4.6 (CentOS) mod_jk/1.2.46 OpenSSL/1.0.2k-fips
1 < Access-Control-Allow-Origin: *
1 < X-Frame-Options: sameorigin
1 < Cache-Control: no-cache
1 < Content-Length: 69
1 < Keep-Alive: timeout=5, max=100
1 < Connection: Keep-Alive
1 < Content-Type: application/json;charset=UTF-8
{"status": {
  "message": "error parsing parameter",
  "value": 14
}}

19:25:47.851 [Test worker] DEBUG com.intuit.karate - request:
1 > GET http://api.geonames.org/timezoneJSON?lng=a&formatted=true&lat=8&username=karate
1 > Host: api.geonames.org
1 > Connection: Keep-Alive
1 > User-Agent: Apache-HttpClient/4.5.13 (Java/18.0.2.1)
1 > Accept-Encoding: gzip,deflate


19:25:48.334 [Test worker] DEBUG com.intuit.karate - response time in milliseconds: 483
1 < 200
1 < Date: Wed, 27 Dec 2023 00:25:53 GMT
1 < Server: Apache/2.4.6 (CentOS) mod_jk/1.2.46 OpenSSL/1.0.2k-fips
1 < Access-Control-Allow-Origin: *
1 < X-Frame-Options: sameorigin
1 < Cache-Control: no-cache
1 < Content-Length: 69
1 < Keep-Alive: timeout=5, max=100
1 < Connection: Keep-Alive
1 < Content-Type: application/json;charset=UTF-8
{"status": {
  "message": "error parsing parameter",
  "value": 14
}}

19:25:48.346 [Test worker] DEBUG com.intuit.karate - request:
1 > GET http://api.geonames.org/timezoneJSON?lng=-5&formatted=true&lat=.&username=karate
1 > Host: api.geonames.org
1 > Connection: Keep-Alive
1 > User-Agent: Apache-HttpClient/4.5.13 (Java/18.0.2.1)
1 > Accept-Encoding: gzip,deflate


19:25:48.941 [Test worker] DEBUG com.intuit.karate - response time in milliseconds: 594
1 < 200
1 < Date: Wed, 27 Dec 2023 00:25:53 GMT
1 < Server: Apache/2.4.6 (CentOS) mod_jk/1.2.46 OpenSSL/1.0.2k-fips
1 < Access-Control-Allow-Origin: *
1 < X-Frame-Options: sameorigin
1 < Cache-Control: no-cache
1 < Content-Length: 69
1 < Keep-Alive: timeout=5, max=100
1 < Connection: Keep-Alive
1 < Content-Type: application/json;charset=UTF-8
{"status": {
  "message": "error parsing parameter",
  "value": 14
}}

19:25:48.950 [Test worker] DEBUG com.intuit.karate - request:
1 > GET http://api.geonames.org/timezoneJSON?lng=aas&formatted=true&lat=%25%26%24&username=karate
1 > Host: api.geonames.org
1 > Connection: Keep-Alive
1 > User-Agent: Apache-HttpClient/4.5.13 (Java/18.0.2.1)
1 > Accept-Encoding: gzip,deflate


19:25:49.805 [Test worker] DEBUG com.intuit.karate - response time in milliseconds: 855
1 < 200
1 < Date: Wed, 27 Dec 2023 00:25:54 GMT
1 < Server: Apache/2.4.6 (CentOS) mod_jk/1.2.46 OpenSSL/1.0.2k-fips
1 < Access-Control-Allow-Origin: *
1 < X-Frame-Options: sameorigin
1 < Cache-Control: no-cache
1 < Content-Length: 69
1 < Keep-Alive: timeout=5, max=100
1 < Connection: Keep-Alive
1 < Content-Type: application/json;charset=UTF-8
{"status": {
  "message": "error parsing parameter",
  "value": 14
}}

19:25:49.821 [Test worker] DEBUG com.intuit.karate - request:
1 > GET http://api.geonames.org/timezoneJSON?lng=-a8f&formatted=true&lat=8&username=karate
1 > Host: api.geonames.org
1 > Connection: Keep-Alive
1 > User-Agent: Apache-HttpClient/4.5.13 (Java/18.0.2.1)
1 > Accept-Encoding: gzip,deflate


19:25:50.205 [Test worker] DEBUG com.intuit.karate - response time in milliseconds: 384
1 < 200
1 < Date: Wed, 27 Dec 2023 00:25:54 GMT
1 < Server: Apache/2.4.6 (CentOS) mod_jk/1.2.46 OpenSSL/1.0.2k-fips
1 < Access-Control-Allow-Origin: *
1 < X-Frame-Options: sameorigin
1 < Cache-Control: no-cache
1 < Content-Length: 69
1 < Keep-Alive: timeout=5, max=100
1 < Connection: Keep-Alive
1 < Content-Type: application/json;charset=UTF-8
{"status": {
  "message": "error parsing parameter",
  "value": 14
}}

19:25:50.224 [Test worker] DEBUG com.intuit.karate - request:
1 > GET http://api.geonames.org/timezoneJSON?lng=70&formatted=true&lat=90&username=karate
1 > Host: api.geonames.org
1 > Connection: Keep-Alive
1 > User-Agent: Apache-HttpClient/4.5.13 (Java/18.0.2.1)
1 > Accept-Encoding: gzip,deflate


19:25:50.606 [Test worker] DEBUG com.intuit.karate - response time in milliseconds: 382
1 < 200
1 < Date: Wed, 27 Dec 2023 00:25:55 GMT
1 < Server: Apache/2.4.6 (CentOS) mod_jk/1.2.46 OpenSSL/1.0.2k-fips
1 < Access-Control-Allow-Origin: *
1 < X-Frame-Options: sameorigin
1 < Cache-Control: no-cache
1 < Content-Length: 87
1 < Keep-Alive: timeout=5, max=100
1 < Connection: Keep-Alive
1 < Content-Type: application/json;charset=UTF-8
{"status": {
  "message": "no timezone information found for lat/lng",
  "value": 15
}}

19:25:50.620 [Test worker] DEBUG com.intuit.karate - request:
1 > GET http://api.geonames.org/timezoneJSON?lng=99&formatted=true&lat=90&username=karate
1 > Host: api.geonames.org
1 > Connection: Keep-Alive
1 > User-Agent: Apache-HttpClient/4.5.13 (Java/18.0.2.1)
1 > Accept-Encoding: gzip,deflate


19:25:51.001 [Test worker] DEBUG com.intuit.karate - response time in milliseconds: 380
1 < 200
1 < Date: Wed, 27 Dec 2023 00:25:55 GMT
1 < Server: Apache/2.4.6 (CentOS) mod_jk/1.2.46 OpenSSL/1.0.2k-fips
1 < Access-Control-Allow-Origin: *
1 < X-Frame-Options: sameorigin
1 < Cache-Control: no-cache
1 < Content-Length: 87
1 < Keep-Alive: timeout=5, max=100
1 < Connection: Keep-Alive
1 < Content-Type: application/json;charset=UTF-8
{"status": {
  "message": "no timezone information found for lat/lng",
  "value": 15
}}

19:25:51.012 [Test worker] DEBUG com.intuit.karate - request:
1 > GET http://api.geonames.org/timezoneJSON?lng=901&formatted=true&lat=81&username=karate
1 > Host: api.geonames.org
1 > Connection: Keep-Alive
1 > User-Agent: Apache-HttpClient/4.5.13 (Java/18.0.2.1)
1 > Accept-Encoding: gzip,deflate


19:25:51.388 [Test worker] DEBUG com.intuit.karate - response time in milliseconds: 376
1 < 200
1 < Date: Wed, 27 Dec 2023 00:25:56 GMT
1 < Server: Apache/2.4.6 (CentOS) mod_jk/1.2.46 OpenSSL/1.0.2k-fips
1 < Access-Control-Allow-Origin: *
1 < X-Frame-Options: sameorigin
1 < Cache-Control: no-cache
1 < Content-Length: 61
1 < Keep-Alive: timeout=5, max=100
1 < Connection: Keep-Alive
1 < Content-Type: application/json;charset=UTF-8
{"status": {
  "message": "invalid lat/lng",
  "value": 14
}}

19:25:51.396 [Test worker] DEBUG com.intuit.karate - request:
1 > GET http://api.geonames.org/timezoneJSON?lng=801&formatted=true&lat=700&username=karate
1 > Host: api.geonames.org
1 > Connection: Keep-Alive
1 > User-Agent: Apache-HttpClient/4.5.13 (Java/18.0.2.1)
1 > Accept-Encoding: gzip,deflate


19:25:51.771 [Test worker] DEBUG com.intuit.karate - response time in milliseconds: 375
1 < 200
1 < Date: Wed, 27 Dec 2023 00:25:56 GMT
1 < Server: Apache/2.4.6 (CentOS) mod_jk/1.2.46 OpenSSL/1.0.2k-fips
1 < Access-Control-Allow-Origin: *
1 < X-Frame-Options: sameorigin
1 < Cache-Control: no-cache
1 < Content-Length: 61
1 < Keep-Alive: timeout=5, max=100
1 < Connection: Keep-Alive
1 < Content-Type: application/json;charset=UTF-8
{"status": {
  "message": "invalid lat/lng",
  "value": 14
}}

---------------------------------------------------------
feature: classpath:geonames/get/geographical-data-get.feature
scenarios: 16 | passed: 16 | failed:  0 | time: 7.7749
---------------------------------------------------------

Karate version: 1.3.1
======================================================
elapsed:  10.28 | threads:    1 | thread time: 7.78 
features:     1 | skipped:    0 | efficiency: 0.76
scenarios:   16 | passed:    16 | failed: 0
======================================================

HTML report: (paste into browser to view) | Karate version: 1.3.1
file:///C:/Users/Usuario/IdeaProjects/Karate/build/karate-reports/karate-summary.html
===================================================================

]]></system-out>
  <system-err><![CDATA[]]></system-err>
</testsuite>
