<?xml version="1.0" encoding="UTF-8"?>
<testsuite name="users.ManagementTest" tests="1" skipped="0" failures="0" errors="0" timestamp="2023-12-26T23:05:06" hostname="DESKTOP-927O95J" time="4.655">
  <properties/>
  <testcase name="testParallel()" classname="users.ManagementTest" time="4.655"/>
  <system-out><![CDATA[18:05:07.533 [Test worker] DEBUG com.intuit.karate.Suite - [config] classpath:karate-config.js
18:05:07.539 [Test worker] INFO  com.intuit.karate.Suite - backed up existing 'build\karate-reports' dir to: build\karate-reports_1703631907538
18:05:08.678 [pool-1-thread-2] DEBUG com.intuit.karate - request:
1 > GET http://api.geonames.org/timezoneJSON?lng=-8&formatted=true&lat=8&username=karate
1 > Host: api.geonames.org
1 > Connection: Keep-Alive
1 > User-Agent: Apache-HttpClient/4.5.13 (Java/17.0.9)
1 > Accept-Encoding: gzip,deflate


18:05:08.678 [pool-1-thread-3] DEBUG com.intuit.karate - request:
1 > GET http://api.geonames.org/timezoneJSON?lng=-72.5&formatted=true&lat=4.2&username=karate
1 > Host: api.geonames.org
1 > Connection: Keep-Alive
1 > User-Agent: Apache-HttpClient/4.5.13 (Java/17.0.9)
1 > Accept-Encoding: gzip,deflate


18:05:08.678 [pool-1-thread-4] DEBUG com.intuit.karate - request:
1 > GET http://api.geonames.org/timezoneJSON?lng=-72&formatted=true&lat=0&username=karate
1 > Host: api.geonames.org
1 > Connection: Keep-Alive
1 > User-Agent: Apache-HttpClient/4.5.13 (Java/17.0.9)
1 > Accept-Encoding: gzip,deflate


18:05:08.678 [pool-1-thread-1] DEBUG com.intuit.karate - request:
1 > GET http://api.geonames.org/timezoneJSON?lng=-72&formatted=true&lat=4&username=karate
1 > Host: api.geonames.org
1 > Connection: Keep-Alive
1 > User-Agent: Apache-HttpClient/4.5.13 (Java/17.0.9)
1 > Accept-Encoding: gzip,deflate


18:05:09.117 [pool-1-thread-3] DEBUG com.intuit.karate - response time in milliseconds: 434
1 < 200
1 < Date: Tue, 26 Dec 2023 23:05:13 GMT
1 < Server: Apache/2.4.6 (CentOS) mod_jk/1.2.41 OpenSSL/1.0.1e-fips PHP/5.4.16
1 < Access-Control-Allow-Origin: *
1 < X-Frame-Options: sameorigin
1 < Cache-Control: no-cache
1 < Keep-Alive: timeout=5, max=100
1 < Connection: Keep-Alive
1 < Transfer-Encoding: chunked
1 < Content-Type: application/json;charset=UTF-8
{
  "sunrise": "2023-12-27 05:54",
  "lng": -72.5,
  "countryCode": "CO",
  "gmtOffset": -5,
  "rawOffset": -5,
  "sunset": "2023-12-27 17:47",
  "timezoneId": "America/Bogota",
  "dstOffset": -5,
  "countryName": "Colombia",
  "time": "2023-12-26 18:05",
  "lat": 4.2
}

18:05:09.117 [pool-1-thread-1] DEBUG com.intuit.karate - response time in milliseconds: 433
1 < 200
1 < Date: Tue, 26 Dec 2023 23:05:13 GMT
1 < Server: Apache/2.4.6 (CentOS) mod_jk/1.2.41 OpenSSL/1.0.1e-fips PHP/5.4.16
1 < Access-Control-Allow-Origin: *
1 < X-Frame-Options: sameorigin
1 < Cache-Control: no-cache
1 < Keep-Alive: timeout=5, max=100
1 < Connection: Keep-Alive
1 < Transfer-Encoding: chunked
1 < Content-Type: application/json;charset=UTF-8
{
  "sunrise": "2023-12-27 05:52",
  "lng": -72,
  "countryCode": "CO",
  "gmtOffset": -5,
  "rawOffset": -5,
  "sunset": "2023-12-27 17:45",
  "timezoneId": "America/Bogota",
  "dstOffset": -5,
  "countryName": "Colombia",
  "time": "2023-12-26 18:05",
  "lat": 4
}

18:05:09.117 [pool-1-thread-4] DEBUG com.intuit.karate - response time in milliseconds: 433
1 < 200
1 < Date: Tue, 26 Dec 2023 23:05:13 GMT
1 < Server: Apache/2.4.6 (CentOS) mod_jk/1.2.41 OpenSSL/1.0.1e-fips PHP/5.4.16
1 < Access-Control-Allow-Origin: *
1 < X-Frame-Options: sameorigin
1 < Cache-Control: no-cache
1 < Keep-Alive: timeout=5, max=100
1 < Connection: Keep-Alive
1 < Transfer-Encoding: chunked
1 < Content-Type: application/json;charset=UTF-8
{
  "sunrise": "2023-12-27 05:45",
  "lng": -72,
  "countryCode": "CO",
  "gmtOffset": -5,
  "rawOffset": -5,
  "sunset": "2023-12-27 17:52",
  "timezoneId": "America/Bogota",
  "dstOffset": -5,
  "countryName": "Colombia",
  "time": "2023-12-26 18:05",
  "lat": 0
}

18:05:09.117 [pool-1-thread-2] DEBUG com.intuit.karate - response time in milliseconds: 434
1 < 200
1 < Date: Tue, 26 Dec 2023 23:05:13 GMT
1 < Server: Apache/2.4.6 (CentOS) mod_jk/1.2.41 OpenSSL/1.0.1e-fips PHP/5.4.16
1 < Access-Control-Allow-Origin: *
1 < X-Frame-Options: sameorigin
1 < Cache-Control: no-cache
1 < Keep-Alive: timeout=5, max=100
1 < Connection: Keep-Alive
1 < Transfer-Encoding: chunked
1 < Content-Type: application/json;charset=UTF-8
{
  "sunrise": "2023-12-27 06:43",
  "lng": -8,
  "countryCode": "CI",
  "gmtOffset": 0,
  "rawOffset": 0,
  "sunset": "2023-12-27 18:22",
  "timezoneId": "Africa/Abidjan",
  "dstOffset": 0,
  "countryName": "Ivory Coast",
  "time": "2023-12-26 23:05",
  "lat": 8
}

18:05:09.150 [pool-1-thread-1] DEBUG com.intuit.karate - request:
1 > GET http://api.geonames.org/timezoneJSON?lng=-8f&formatted=true&lat=8&username=karate
1 > Host: api.geonames.org
1 > Connection: Keep-Alive
1 > User-Agent: Apache-HttpClient/4.5.13 (Java/17.0.9)
1 > Accept-Encoding: gzip,deflate


18:05:09.164 [pool-1-thread-4] DEBUG com.intuit.karate - request:
1 > GET http://api.geonames.org/timezoneJSON?lng=80&formatted=true&lat=-75&username=karate
1 > Host: api.geonames.org
1 > Connection: Keep-Alive
1 > User-Agent: Apache-HttpClient/4.5.13 (Java/17.0.9)
1 > Accept-Encoding: gzip,deflate


18:05:09.548 [pool-1-thread-1] DEBUG com.intuit.karate - response time in milliseconds: 397
1 < 200
1 < Date: Tue, 26 Dec 2023 23:05:14 GMT
1 < Server: Apache/2.4.6 (CentOS) mod_jk/1.2.41 OpenSSL/1.0.1e-fips PHP/5.4.16
1 < Access-Control-Allow-Origin: *
1 < X-Frame-Options: sameorigin
1 < Cache-Control: no-cache
1 < Keep-Alive: timeout=5, max=100
1 < Connection: Keep-Alive
1 < Transfer-Encoding: chunked
1 < Content-Type: application/json;charset=UTF-8
{
  "sunrise": "2023-12-27 06:43",
  "lng": -8,
  "countryCode": "CI",
  "gmtOffset": 0,
  "rawOffset": 0,
  "sunset": "2023-12-27 18:22",
  "timezoneId": "Africa/Abidjan",
  "dstOffset": 0,
  "countryName": "Ivory Coast",
  "time": "2023-12-26 23:05",
  "lat": 8
}

18:05:09.549 [pool-1-thread-4] DEBUG com.intuit.karate - response time in milliseconds: 385
1 < 200
1 < Date: Tue, 26 Dec 2023 23:05:14 GMT
1 < Server: Apache/2.4.6 (CentOS) mod_jk/1.2.41 OpenSSL/1.0.1e-fips PHP/5.4.16
1 < Access-Control-Allow-Origin: *
1 < X-Frame-Options: sameorigin
1 < Cache-Control: no-cache
1 < Keep-Alive: timeout=5, max=100
1 < Connection: Keep-Alive
1 < Transfer-Encoding: chunked
1 < Content-Type: application/json;charset=UTF-8
{
  "lng": 80,
  "countryCode": "AQ",
  "gmtOffset": 7,
  "rawOffset": 7,
  "timezoneId": "Antarctica/Davis",
  "dstOffset": 7,
  "countryName": "Antarctica",
  "time": "2023-12-27 06:05",
  "lat": -75
}

---------------------------------------------------------
feature: classpath:geonames/get/geographical-data-get.feature
scenarios:  6 | passed:  6 | failed:  0 | time: 3.5069
---------------------------------------------------------

18:05:10.470 [pool-2-thread-1] INFO  com.intuit.karate.Suite - <<pass>> feature 1 of 1 (0 remaining) classpath:geonames/get/geographical-data-get.feature
Karate version: 1.3.1
======================================================
elapsed:   3.68 | threads:    4 | thread time: 3.51 
features:     1 | skipped:    0 | efficiency: 0.24
scenarios:    6 | passed:     6 | failed: 0
======================================================

HTML report: (paste into browser to view) | Karate version: 1.3.1
file:///C:/Users/Usuario/IdeaProjects/Karate/build/karate-reports/karate-summary.html
===================================================================

]]></system-out>
  <system-err><![CDATA[dic. 26, 2023 6:05:10 P. M. net.masterthought.cucumber.ReportParser parseJsonFiles
INFORMACIÓN: File 'C:\Users\Usuario\IdeaProjects\Karate\build\karate-reports\geonames.get.geographical-data-get.json' contains 1 feature(s)
]]></system-err>
</testsuite>
