<?xml version="1.0" encoding="UTF-8"?>
<testsuite name="users.ManagementTest" tests="1" skipped="0" failures="0" errors="0" timestamp="2023-12-26T23:52:30" hostname="DESKTOP-927O95J" time="4.229">
  <properties/>
  <testcase name="testParallel()" classname="users.ManagementTest" time="4.229"/>
  <system-out><![CDATA[18:52:31.539 [Test worker] DEBUG com.intuit.karate.Suite - [config] classpath:karate-config.js
18:52:31.545 [Test worker] INFO  com.intuit.karate.Suite - backed up existing 'build\karate-reports' dir to: build\karate-reports_1703634751545
18:52:32.755 [pool-1-thread-15] DEBUG com.intuit.karate - request:
1 > GET http://api.geonames.org/timezoneJSON?lng=901&formatted=true&lat=81&username=karate
1 > Host: api.geonames.org
1 > Connection: Keep-Alive
1 > User-Agent: Apache-HttpClient/4.5.13 (Java/17.0.9)
1 > Accept-Encoding: gzip,deflate


18:52:32.755 [pool-1-thread-8] DEBUG com.intuit.karate - request:
1 > GET http://api.geonames.org/timezoneJSON?lng=-72&formatted=true&lat=%C3%B1&username=karate
1 > Host: api.geonames.org
1 > Connection: Keep-Alive
1 > User-Agent: Apache-HttpClient/4.5.13 (Java/17.0.9)
1 > Accept-Encoding: gzip,deflate


18:52:32.755 [pool-1-thread-4] DEBUG com.intuit.karate - request:
1 > GET http://api.geonames.org/timezoneJSON?lng=-72&formatted=true&lat=0&username=karate
1 > Host: api.geonames.org
1 > Connection: Keep-Alive
1 > User-Agent: Apache-HttpClient/4.5.13 (Java/17.0.9)
1 > Accept-Encoding: gzip,deflate


18:52:32.756 [pool-1-thread-11] DEBUG com.intuit.karate - request:
1 > GET http://api.geonames.org/timezoneJSON?lng=aas&formatted=true&lat=%25%26%24&username=karate
1 > Host: api.geonames.org
1 > Connection: Keep-Alive
1 > User-Agent: Apache-HttpClient/4.5.13 (Java/17.0.9)
1 > Accept-Encoding: gzip,deflate


18:52:32.755 [pool-1-thread-10] DEBUG com.intuit.karate - request:
1 > GET http://api.geonames.org/timezoneJSON?lng=-5&formatted=true&lat=.&username=karate
1 > Host: api.geonames.org
1 > Connection: Keep-Alive
1 > User-Agent: Apache-HttpClient/4.5.13 (Java/17.0.9)
1 > Accept-Encoding: gzip,deflate


18:52:32.755 [pool-1-thread-12] DEBUG com.intuit.karate - request:
1 > GET http://api.geonames.org/timezoneJSON?lng=-a8f&formatted=true&lat=8&username=karate
1 > Host: api.geonames.org
1 > Connection: Keep-Alive
1 > User-Agent: Apache-HttpClient/4.5.13 (Java/17.0.9)
1 > Accept-Encoding: gzip,deflate


18:52:32.755 [pool-1-thread-1] DEBUG com.intuit.karate - request:
1 > GET http://api.geonames.org/timezoneJSON?lng=-72&formatted=true&lat=4&username=karate
1 > Host: api.geonames.org
1 > Connection: Keep-Alive
1 > User-Agent: Apache-HttpClient/4.5.13 (Java/17.0.9)
1 > Accept-Encoding: gzip,deflate


18:52:32.758 [pool-1-thread-5] DEBUG com.intuit.karate - request:
1 > GET http://api.geonames.org/timezoneJSON?lng=-8f&formatted=true&lat=8&username=karate
1 > Host: api.geonames.org
1 > Connection: Keep-Alive
1 > User-Agent: Apache-HttpClient/4.5.13 (Java/17.0.9)
1 > Accept-Encoding: gzip,deflate


18:52:32.758 [pool-1-thread-2] DEBUG com.intuit.karate - request:
1 > GET http://api.geonames.org/timezoneJSON?lng=-8&formatted=true&lat=8&username=karate
1 > Host: api.geonames.org
1 > Connection: Keep-Alive
1 > User-Agent: Apache-HttpClient/4.5.13 (Java/17.0.9)
1 > Accept-Encoding: gzip,deflate


18:52:32.755 [pool-1-thread-16] DEBUG com.intuit.karate - request:
1 > GET http://api.geonames.org/timezoneJSON?lng=801&formatted=true&lat=700&username=karate
1 > Host: api.geonames.org
1 > Connection: Keep-Alive
1 > User-Agent: Apache-HttpClient/4.5.13 (Java/17.0.9)
1 > Accept-Encoding: gzip,deflate


18:52:32.756 [pool-1-thread-9] DEBUG com.intuit.karate - request:
1 > GET http://api.geonames.org/timezoneJSON?lng=a&formatted=true&lat=8&username=karate
1 > Host: api.geonames.org
1 > Connection: Keep-Alive
1 > User-Agent: Apache-HttpClient/4.5.13 (Java/17.0.9)
1 > Accept-Encoding: gzip,deflate


18:52:32.756 [pool-1-thread-3] DEBUG com.intuit.karate - request:
1 > GET http://api.geonames.org/timezoneJSON?lng=-72.5&formatted=true&lat=4.2&username=karate
1 > Host: api.geonames.org
1 > Connection: Keep-Alive
1 > User-Agent: Apache-HttpClient/4.5.13 (Java/17.0.9)
1 > Accept-Encoding: gzip,deflate


18:52:32.756 [pool-1-thread-7] DEBUG com.intuit.karate - request:
1 > GET http://api.geonames.org/timezoneJSON?lng=-74&formatted=true&lat=4&username=karate
1 > Host: api.geonames.org
1 > Connection: Keep-Alive
1 > User-Agent: Apache-HttpClient/4.5.13 (Java/17.0.9)
1 > Accept-Encoding: gzip,deflate


18:52:32.756 [pool-1-thread-13] DEBUG com.intuit.karate - request:
1 > GET http://api.geonames.org/timezoneJSON?lng=70&formatted=true&lat=90&username=karate
1 > Host: api.geonames.org
1 > Connection: Keep-Alive
1 > User-Agent: Apache-HttpClient/4.5.13 (Java/17.0.9)
1 > Accept-Encoding: gzip,deflate


18:52:32.756 [pool-1-thread-14] DEBUG com.intuit.karate - request:
1 > GET http://api.geonames.org/timezoneJSON?lng=99&formatted=true&lat=90&username=karate
1 > Host: api.geonames.org
1 > Connection: Keep-Alive
1 > User-Agent: Apache-HttpClient/4.5.13 (Java/17.0.9)
1 > Accept-Encoding: gzip,deflate


18:52:32.758 [pool-1-thread-6] DEBUG com.intuit.karate - request:
1 > GET http://api.geonames.org/timezoneJSON?lng=80&formatted=true&lat=-75&username=karate
1 > Host: api.geonames.org
1 > Connection: Keep-Alive
1 > User-Agent: Apache-HttpClient/4.5.13 (Java/17.0.9)
1 > Accept-Encoding: gzip,deflate


18:52:33.170 [pool-1-thread-11] DEBUG com.intuit.karate - response time in milliseconds: 410
1 < 200
1 < Date: Tue, 26 Dec 2023 23:52:37 GMT
1 < Server: Apache/2.4.37 (centos) mod_jk/1.2.48 OpenSSL/1.1.1g
1 < Access-Control-Allow-Origin: *
1 < X-Frame-Options: sameorigin
1 < Cache-Control: no-cache
1 < Content-Length: 69
1 < Keep-Alive: timeout=5, max=100
1 < Connection: Keep-Alive
1 < Content-Type: application/json;charset=UTF-8
{"status": {
  "message": "error parsing parameter",
  "value": 14
}}

18:52:33.170 [pool-1-thread-8] DEBUG com.intuit.karate - response time in milliseconds: 411
1 < 200
1 < Date: Tue, 26 Dec 2023 23:52:37 GMT
1 < Server: Apache/2.4.37 (centos) mod_jk/1.2.48 OpenSSL/1.1.1g
1 < Access-Control-Allow-Origin: *
1 < X-Frame-Options: sameorigin
1 < Cache-Control: no-cache
1 < Content-Length: 69
1 < Keep-Alive: timeout=5, max=100
1 < Connection: Keep-Alive
1 < Content-Type: application/json;charset=UTF-8
{"status": {
  "message": "error parsing parameter",
  "value": 14
}}

18:52:33.170 [pool-1-thread-13] DEBUG com.intuit.karate - response time in milliseconds: 403
1 < 200
1 < Date: Tue, 26 Dec 2023 23:52:37 GMT
1 < Server: Apache/2.4.37 (centos) mod_jk/1.2.48 OpenSSL/1.1.1g
1 < Access-Control-Allow-Origin: *
1 < X-Frame-Options: sameorigin
1 < Cache-Control: no-cache
1 < Content-Length: 87
1 < Keep-Alive: timeout=5, max=100
1 < Connection: Keep-Alive
1 < Content-Type: application/json;charset=UTF-8
{"status": {
  "message": "no timezone information found for lat/lng",
  "value": 15
}}

18:52:33.170 [pool-1-thread-14] DEBUG com.intuit.karate - response time in milliseconds: 403
1 < 200
1 < Date: Tue, 26 Dec 2023 23:52:37 GMT
1 < Server: Apache/2.4.37 (centos) mod_jk/1.2.48 OpenSSL/1.1.1g
1 < Access-Control-Allow-Origin: *
1 < X-Frame-Options: sameorigin
1 < Cache-Control: no-cache
1 < Content-Length: 87
1 < Keep-Alive: timeout=5, max=100
1 < Connection: Keep-Alive
1 < Content-Type: application/json;charset=UTF-8
{"status": {
  "message": "no timezone information found for lat/lng",
  "value": 15
}}

18:52:33.170 [pool-1-thread-15] DEBUG com.intuit.karate - response time in milliseconds: 412
1 < 200
1 < Date: Tue, 26 Dec 2023 23:52:37 GMT
1 < Server: Apache/2.4.37 (centos) mod_jk/1.2.48 OpenSSL/1.1.1g
1 < Access-Control-Allow-Origin: *
1 < X-Frame-Options: sameorigin
1 < Cache-Control: no-cache
1 < Content-Length: 61
1 < Keep-Alive: timeout=5, max=100
1 < Connection: Keep-Alive
1 < Content-Type: application/json;charset=UTF-8
{"status": {
  "message": "invalid lat/lng",
  "value": 14
}}

18:52:33.171 [pool-1-thread-9] DEBUG com.intuit.karate - response time in milliseconds: 405
1 < 200
1 < Date: Tue, 26 Dec 2023 23:52:37 GMT
1 < Server: Apache/2.4.37 (centos) mod_jk/1.2.48 OpenSSL/1.1.1g
1 < Access-Control-Allow-Origin: *
1 < X-Frame-Options: sameorigin
1 < Cache-Control: no-cache
1 < Content-Length: 69
1 < Keep-Alive: timeout=5, max=100
1 < Connection: Keep-Alive
1 < Content-Type: application/json;charset=UTF-8
{"status": {
  "message": "error parsing parameter",
  "value": 14
}}

18:52:33.171 [pool-1-thread-12] DEBUG com.intuit.karate - response time in milliseconds: 409
1 < 200
1 < Date: Tue, 26 Dec 2023 23:52:37 GMT
1 < Server: Apache/2.4.37 (centos) mod_jk/1.2.48 OpenSSL/1.1.1g
1 < Access-Control-Allow-Origin: *
1 < X-Frame-Options: sameorigin
1 < Cache-Control: no-cache
1 < Content-Length: 69
1 < Keep-Alive: timeout=5, max=100
1 < Connection: Keep-Alive
1 < Content-Type: application/json;charset=UTF-8
{"status": {
  "message": "error parsing parameter",
  "value": 14
}}

18:52:33.171 [pool-1-thread-10] DEBUG com.intuit.karate - response time in milliseconds: 409
1 < 200
1 < Date: Tue, 26 Dec 2023 23:52:37 GMT
1 < Server: Apache/2.4.37 (centos) mod_jk/1.2.48 OpenSSL/1.1.1g
1 < Access-Control-Allow-Origin: *
1 < X-Frame-Options: sameorigin
1 < Cache-Control: no-cache
1 < Content-Length: 69
1 < Keep-Alive: timeout=5, max=100
1 < Connection: Keep-Alive
1 < Content-Type: application/json;charset=UTF-8
{"status": {
  "message": "error parsing parameter",
  "value": 14
}}

18:52:33.170 [pool-1-thread-16] DEBUG com.intuit.karate - response time in milliseconds: 406
1 < 200
1 < Date: Tue, 26 Dec 2023 23:52:37 GMT
1 < Server: Apache/2.4.37 (centos) mod_jk/1.2.48 OpenSSL/1.1.1g
1 < Access-Control-Allow-Origin: *
1 < X-Frame-Options: sameorigin
1 < Cache-Control: no-cache
1 < Content-Length: 61
1 < Keep-Alive: timeout=5, max=100
1 < Connection: Keep-Alive
1 < Content-Type: application/json;charset=UTF-8
{"status": {
  "message": "invalid lat/lng",
  "value": 14
}}

18:52:33.185 [pool-1-thread-1] DEBUG com.intuit.karate - response time in milliseconds: 426
1 < 200
1 < Date: Tue, 26 Dec 2023 23:52:37 GMT
1 < Server: Apache/2.4.37 (centos) mod_jk/1.2.48 OpenSSL/1.1.1g
1 < Access-Control-Allow-Origin: *
1 < X-Frame-Options: sameorigin
1 < Cache-Control: no-cache
1 < Keep-Alive: timeout=5, max=100
1 < Connection: Keep-Alive
1 < Transfer-Encoding: chunked
1 < Content-Type: application/json;charset=UTF-8
{
  "sunrise": "2023-12-27 05:52",
  "lng": -72,
  "countryCode": "CO",
  "gmtOffset": -5,
  "rawOffset": -5,
  "sunset": "2023-12-27 17:45",
  "timezoneId": "America/Bogota",
  "dstOffset": -5,
  "countryName": "Colombia",
  "time": "2023-12-26 18:52",
  "lat": 4
}

18:52:33.185 [pool-1-thread-7] DEBUG com.intuit.karate - response time in milliseconds: 422
1 < 200
1 < Date: Tue, 26 Dec 2023 23:52:37 GMT
1 < Server: Apache/2.4.37 (centos) mod_jk/1.2.48 OpenSSL/1.1.1g
1 < Access-Control-Allow-Origin: *
1 < X-Frame-Options: sameorigin
1 < Cache-Control: no-cache
1 < Keep-Alive: timeout=5, max=100
1 < Connection: Keep-Alive
1 < Transfer-Encoding: chunked
1 < Content-Type: application/json;charset=UTF-8
{
  "sunrise": "2023-12-27 06:00",
  "lng": -74,
  "countryCode": "CO",
  "gmtOffset": -5,
  "rawOffset": -5,
  "sunset": "2023-12-27 17:53",
  "timezoneId": "America/Bogota",
  "dstOffset": -5,
  "countryName": "Colombia",
  "time": "2023-12-26 18:52",
  "lat": 4
}

18:52:33.186 [pool-1-thread-6] DEBUG com.intuit.karate - response time in milliseconds: 422
1 < 200
1 < Date: Tue, 26 Dec 2023 23:52:37 GMT
1 < Server: Apache/2.4.37 (centos) mod_jk/1.2.48 OpenSSL/1.1.1g
1 < Access-Control-Allow-Origin: *
1 < X-Frame-Options: sameorigin
1 < Cache-Control: no-cache
1 < Keep-Alive: timeout=5, max=100
1 < Connection: Keep-Alive
1 < Transfer-Encoding: chunked
1 < Content-Type: application/json;charset=UTF-8
{
  "lng": 80,
  "countryCode": "AQ",
  "gmtOffset": 7,
  "rawOffset": 7,
  "timezoneId": "Antarctica/Davis",
  "dstOffset": 7,
  "countryName": "Antarctica",
  "time": "2023-12-27 06:52",
  "lat": -75
}

18:52:33.188 [pool-1-thread-2] DEBUG com.intuit.karate - response time in milliseconds: 429
1 < 200
1 < Date: Tue, 26 Dec 2023 23:52:37 GMT
1 < Server: Apache/2.4.37 (centos) mod_jk/1.2.48 OpenSSL/1.1.1g
1 < Access-Control-Allow-Origin: *
1 < X-Frame-Options: sameorigin
1 < Cache-Control: no-cache
1 < Keep-Alive: timeout=5, max=100
1 < Connection: Keep-Alive
1 < Transfer-Encoding: chunked
1 < Content-Type: application/json;charset=UTF-8
{
  "sunrise": "2023-12-27 06:43",
  "lng": -8,
  "countryCode": "CI",
  "gmtOffset": 0,
  "rawOffset": 0,
  "sunset": "2023-12-27 18:22",
  "timezoneId": "Africa/Abidjan",
  "dstOffset": 0,
  "countryName": "Ivory Coast",
  "time": "2023-12-26 23:52",
  "lat": 8
}

18:52:33.193 [pool-1-thread-3] DEBUG com.intuit.karate - response time in milliseconds: 430
1 < 200
1 < Date: Tue, 26 Dec 2023 23:52:37 GMT
1 < Server: Apache/2.4.37 (centos) mod_jk/1.2.48 OpenSSL/1.1.1g
1 < Access-Control-Allow-Origin: *
1 < X-Frame-Options: sameorigin
1 < Cache-Control: no-cache
1 < Keep-Alive: timeout=5, max=100
1 < Connection: Keep-Alive
1 < Transfer-Encoding: chunked
1 < Content-Type: application/json;charset=UTF-8
{
  "sunrise": "2023-12-27 05:54",
  "lng": -72.5,
  "countryCode": "CO",
  "gmtOffset": -5,
  "rawOffset": -5,
  "sunset": "2023-12-27 17:47",
  "timezoneId": "America/Bogota",
  "dstOffset": -5,
  "countryName": "Colombia",
  "time": "2023-12-26 18:52",
  "lat": 4.2
}

18:52:33.193 [pool-1-thread-5] DEBUG com.intuit.karate - response time in milliseconds: 434
1 < 200
1 < Date: Tue, 26 Dec 2023 23:52:37 GMT
1 < Server: Apache/2.4.37 (centos) mod_jk/1.2.48 OpenSSL/1.1.1g
1 < Access-Control-Allow-Origin: *
1 < X-Frame-Options: sameorigin
1 < Cache-Control: no-cache
1 < Keep-Alive: timeout=5, max=100
1 < Connection: Keep-Alive
1 < Transfer-Encoding: chunked
1 < Content-Type: application/json;charset=UTF-8
{
  "sunrise": "2023-12-27 06:43",
  "lng": -8,
  "countryCode": "CI",
  "gmtOffset": 0,
  "rawOffset": 0,
  "sunset": "2023-12-27 18:22",
  "timezoneId": "Africa/Abidjan",
  "dstOffset": 0,
  "countryName": "Ivory Coast",
  "time": "2023-12-26 23:52",
  "lat": 8
}

18:52:33.208 [pool-1-thread-4] DEBUG com.intuit.karate - response time in milliseconds: 452
1 < 200
1 < Date: Tue, 26 Dec 2023 23:52:37 GMT
1 < Server: Apache/2.4.37 (centos) mod_jk/1.2.48 OpenSSL/1.1.1g
1 < Access-Control-Allow-Origin: *
1 < X-Frame-Options: sameorigin
1 < Cache-Control: no-cache
1 < Keep-Alive: timeout=5, max=100
1 < Connection: Keep-Alive
1 < Transfer-Encoding: chunked
1 < Content-Type: application/json;charset=UTF-8
{
  "sunrise": "2023-12-27 05:45",
  "lng": -72,
  "countryCode": "CO",
  "gmtOffset": -5,
  "rawOffset": -5,
  "sunset": "2023-12-27 17:52",
  "timezoneId": "America/Bogota",
  "dstOffset": -5,
  "countryName": "Colombia",
  "time": "2023-12-26 18:52",
  "lat": 0
}

---------------------------------------------------------
feature: classpath:geonames/get/geographical-data-get.feature
scenarios: 16 | passed: 16 | failed:  0 | time: 10.8269
---------------------------------------------------------

18:52:34.148 [pool-2-thread-1] INFO  com.intuit.karate.Suite - <<pass>> feature 1 of 1 (0 remaining) classpath:geonames/get/geographical-data-get.feature
Karate version: 1.3.1
======================================================
elapsed:   3.35 | threads:   16 | thread time: 10.83 
features:     1 | skipped:    0 | efficiency: 0.20
scenarios:   16 | passed:    16 | failed: 0
======================================================

HTML report: (paste into browser to view) | Karate version: 1.3.1
file:///C:/Users/Usuario/IdeaProjects/Karate/build/karate-reports/karate-summary.html
===================================================================

]]></system-out>
  <system-err><![CDATA[dic. 26, 2023 6:52:34 P. M. net.masterthought.cucumber.ReportParser parseJsonFiles
INFORMACIÓN: File 'C:\Users\Usuario\IdeaProjects\Karate\build\karate-reports\geonames.get.geographical-data-get.json' contains 1 feature(s)
]]></system-err>
</testsuite>
